This file contains any messages produced by compilers while
running configure, to aid debugging if configure makes a mistake.

It was created by OLCAO configure 0.6, which was
generated by GNU Autoconf 2.69.  Invocation command line was

  $ ../configure 

## --------- ##
## Platform. ##
## --------- ##

hostname = rathi-litertop
uname -m = x86_64
uname -r = 4.0.0-xps13
uname -s = Linux
uname -v = #2 SMP Sun Oct 4 22:21:36 CDT 2015

/usr/bin/uname -p = unknown
/bin/uname -X     = unknown

/bin/arch              = unknown
/usr/bin/arch -k       = unknown
/usr/convex/getsysinfo = unknown
/usr/bin/hostinfo      = unknown
/bin/machine           = unknown
/usr/bin/oslevel       = unknown
/bin/universe          = unknown

PATH: /opt/intel/composer_xe_2015.0.090/bin/intel64
PATH: /opt/intel/composer_xe_2015.0.090/mpirt/bin/intel64
PATH: /opt/intel/composer_xe_2015.0.090/debugger/gdb/intel64_mic/bin
PATH: /usr/local/sbin
PATH: /usr/local/bin
PATH: /usr/sbin
PATH: /usr/bin
PATH: /sbin
PATH: /bin
PATH: /usr/games
PATH: /usr/local/games
PATH: /opt/intel/bin


## ----------- ##
## Core tests. ##
## ----------- ##

configure:2148: checking for a BSD-compatible install
configure:2216: result: /usr/bin/install -c
configure:2227: checking whether build environment is sane
configure:2282: result: yes
configure:2320: WARNING: 'missing' script is too old or missing
configure:2433: checking for a thread-safe mkdir -p
configure:2472: result: /bin/mkdir -p
configure:2479: checking for gawk
configure:2509: result: no
configure:2479: checking for mawk
configure:2495: found /usr/bin/mawk
configure:2506: result: mawk
configure:2517: checking whether make sets $(MAKE)
configure:2539: result: yes
configure:2568: checking whether make supports nested variables
configure:2585: result: yes
configure:2733: 
configure:2735: Checks for MPI
configure:2737: 
configure:2745: 
configure:2747: Checks for HDF5
configure:2749: 
configure:2751: checking for a sed that does not truncate output
configure:2815: result: /bin/sed
configure:2820: checking for grep that handles long lines and -e
configure:2878: result: /bin/grep
configure:2895: checking for style of include used by make
configure:2923: result: GNU
configure:2994: checking for gcc
configure:3010: found /usr/bin/gcc
configure:3021: result: gcc
configure:3250: checking for C compiler version
configure:3259: gcc --version >&5
gcc (Ubuntu 4.8.4-2ubuntu1~14.04) 4.8.4
Copyright (C) 2013 Free Software Foundation, Inc.
This is free software; see the source for copying conditions.  There is NO
warranty; not even for MERCHANTABILITY or FITNESS FOR A PARTICULAR PURPOSE.

configure:3270: $? = 0
configure:3259: gcc -v >&5
Using built-in specs.
COLLECT_GCC=gcc
COLLECT_LTO_WRAPPER=/usr/lib/gcc/x86_64-linux-gnu/4.8/lto-wrapper
Target: x86_64-linux-gnu
Configured with: ../src/configure -v --with-pkgversion='Ubuntu 4.8.4-2ubuntu1~14.04' --with-bugurl=file:///usr/share/doc/gcc-4.8/README.Bugs --enable-languages=c,c++,java,go,d,fortran,objc,obj-c++ --prefix=/usr --program-suffix=-4.8 --enable-shared --enable-linker-build-id --libexecdir=/usr/lib --without-included-gettext --enable-threads=posix --with-gxx-include-dir=/usr/include/c++/4.8 --libdir=/usr/lib --enable-nls --with-sysroot=/ --enable-clocale=gnu --enable-libstdcxx-debug --enable-libstdcxx-time=yes --enable-gnu-unique-object --disable-libmudflap --enable-plugin --with-system-zlib --disable-browser-plugin --enable-java-awt=gtk --enable-gtk-cairo --with-java-home=/usr/lib/jvm/java-1.5.0-gcj-4.8-amd64/jre --enable-java-home --with-jvm-root-dir=/usr/lib/jvm/java-1.5.0-gcj-4.8-amd64 --with-jvm-jar-dir=/usr/lib/jvm-exports/java-1.5.0-gcj-4.8-amd64 --with-arch-directory=amd64 --with-ecj-jar=/usr/share/java/eclipse-ecj.jar --enable-objc-gc --enable-multiarch --disable-werror --with-arch-32=i686 --with-abi=m64 --with-multilib-list=m32,m64,mx32 --with-tune=generic --enable-checking=release --build=x86_64-linux-gnu --host=x86_64-linux-gnu --target=x86_64-linux-gnu
Thread model: posix
gcc version 4.8.4 (Ubuntu 4.8.4-2ubuntu1~14.04) 
configure:3270: $? = 0
configure:3259: gcc -V >&5
gcc: error: unrecognized command line option '-V'
gcc: fatal error: no input files
compilation terminated.
configure:3270: $? = 4
configure:3259: gcc -qversion >&5
gcc: error: unrecognized command line option '-qversion'
gcc: fatal error: no input files
compilation terminated.
configure:3270: $? = 4
configure:3290: checking whether the C compiler works
configure:3312: gcc    conftest.c  >&5
configure:3316: $? = 0
configure:3364: result: yes
configure:3367: checking for C compiler default output file name
configure:3369: result: a.out
configure:3375: checking for suffix of executables
configure:3382: gcc -o conftest    conftest.c  >&5
configure:3386: $? = 0
configure:3408: result: 
configure:3430: checking whether we are cross compiling
configure:3438: gcc -o conftest    conftest.c  >&5
configure:3442: $? = 0
configure:3449: ./conftest
configure:3453: $? = 0
configure:3468: result: no
configure:3473: checking for suffix of object files
configure:3495: gcc -c   conftest.c >&5
configure:3499: $? = 0
configure:3520: result: o
configure:3524: checking whether we are using the GNU C compiler
configure:3543: gcc -c   conftest.c >&5
configure:3543: $? = 0
configure:3552: result: yes
configure:3561: checking whether gcc accepts -g
configure:3581: gcc -c -g  conftest.c >&5
configure:3581: $? = 0
configure:3622: result: yes
configure:3639: checking for gcc option to accept ISO C89
configure:3702: gcc  -c -g -O2  conftest.c >&5
configure:3702: $? = 0
configure:3715: result: none needed
configure:3740: checking whether gcc understands -c and -o together
configure:3762: gcc -c conftest.c -o conftest2.o
configure:3765: $? = 0
configure:3762: gcc -c conftest.c -o conftest2.o
configure:3765: $? = 0
configure:3777: result: yes
configure:3796: checking dependency style of gcc
configure:3907: result: gcc3
configure:3928: checking how to run the C preprocessor
configure:3959: gcc -E  conftest.c
configure:3959: $? = 0
configure:3973: gcc -E  conftest.c
conftest.c:11:28: fatal error: ac_nonexistent.h: No such file or directory
 #include <ac_nonexistent.h>
                            ^
compilation terminated.
configure:3973: $? = 1
configure: failed program was:
| /* confdefs.h */
| #define PACKAGE_NAME "OLCAO"
| #define PACKAGE_TARNAME "olcao"
| #define PACKAGE_VERSION "0.6"
| #define PACKAGE_STRING "OLCAO 0.6"
| #define PACKAGE_BUGREPORT "rulisp@umkc.edu"
| #define PACKAGE_URL ""
| #define PACKAGE "olcao"
| #define VERSION "0.6"
| /* end confdefs.h.  */
| #include <ac_nonexistent.h>
configure:3998: result: gcc -E
configure:4018: gcc -E  conftest.c
configure:4018: $? = 0
configure:4032: gcc -E  conftest.c
conftest.c:11:28: fatal error: ac_nonexistent.h: No such file or directory
 #include <ac_nonexistent.h>
                            ^
compilation terminated.
configure:4032: $? = 1
configure: failed program was:
| /* confdefs.h */
| #define PACKAGE_NAME "OLCAO"
| #define PACKAGE_TARNAME "olcao"
| #define PACKAGE_VERSION "0.6"
| #define PACKAGE_STRING "OLCAO 0.6"
| #define PACKAGE_BUGREPORT "rulisp@umkc.edu"
| #define PACKAGE_URL ""
| #define PACKAGE "olcao"
| #define VERSION "0.6"
| /* end confdefs.h.  */
| #include <ac_nonexistent.h>
configure:4061: checking for egrep
configure:4123: result: /bin/grep -E
configure:4128: checking for ANSI C header files
configure:4148: gcc -c -g -O2  conftest.c >&5
configure:4148: $? = 0
configure:4221: gcc -o conftest -g -O2   conftest.c  >&5
configure:4221: $? = 0
configure:4221: ./conftest
configure:4221: $? = 0
configure:4232: result: yes
configure:4245: checking for sys/types.h
configure:4245: gcc -c -g -O2  conftest.c >&5
configure:4245: $? = 0
configure:4245: result: yes
configure:4245: checking for sys/stat.h
configure:4245: gcc -c -g -O2  conftest.c >&5
configure:4245: $? = 0
configure:4245: result: yes
configure:4245: checking for stdlib.h
configure:4245: gcc -c -g -O2  conftest.c >&5
configure:4245: $? = 0
configure:4245: result: yes
configure:4245: checking for string.h
configure:4245: gcc -c -g -O2  conftest.c >&5
configure:4245: $? = 0
configure:4245: result: yes
configure:4245: checking for memory.h
configure:4245: gcc -c -g -O2  conftest.c >&5
configure:4245: $? = 0
configure:4245: result: yes
configure:4245: checking for strings.h
configure:4245: gcc -c -g -O2  conftest.c >&5
configure:4245: $? = 0
configure:4245: result: yes
configure:4245: checking for inttypes.h
configure:4245: gcc -c -g -O2  conftest.c >&5
configure:4245: $? = 0
configure:4245: result: yes
configure:4245: checking for stdint.h
configure:4245: gcc -c -g -O2  conftest.c >&5
configure:4245: $? = 0
configure:4245: result: yes
configure:4245: checking for unistd.h
configure:4245: gcc -c -g -O2  conftest.c >&5
configure:4245: $? = 0
configure:4245: result: yes
configure:4309: checking for h5pcc
configure:4342: result: no
configure:4356: checking for HDF5 libraries
configure:4359: result: no
configure:4365: WARNING:
Unable to locate parallel HDF5 compilation helper script 'h5pcc'.
Please specify --with-hdf5=<LOCATION> as the full path to h5pcc.
HDF5 support is being disabled (equivalent to --with-hdf5=no).

configure:4574: error: Unable to find parallel HDF5, required for olcao compilation

## ---------------- ##
## Cache variables. ##
## ---------------- ##

ac_cv_c_compiler_gnu=yes
ac_cv_env_CC_set=
ac_cv_env_CC_value=
ac_cv_env_CFLAGS_set=
ac_cv_env_CFLAGS_value=
ac_cv_env_CPPFLAGS_set=
ac_cv_env_CPPFLAGS_value=
ac_cv_env_CPP_set=
ac_cv_env_CPP_value=
ac_cv_env_FCFLAGS_set=
ac_cv_env_FCFLAGS_value=
ac_cv_env_FC_set=
ac_cv_env_FC_value=
ac_cv_env_LDFLAGS_set=
ac_cv_env_LDFLAGS_value=
ac_cv_env_LIBS_set=
ac_cv_env_LIBS_value=
ac_cv_env_build_alias_set=
ac_cv_env_build_alias_value=
ac_cv_env_host_alias_set=
ac_cv_env_host_alias_value=
ac_cv_env_target_alias_set=
ac_cv_env_target_alias_value=
ac_cv_header_inttypes_h=yes
ac_cv_header_memory_h=yes
ac_cv_header_stdc=yes
ac_cv_header_stdint_h=yes
ac_cv_header_stdlib_h=yes
ac_cv_header_string_h=yes
ac_cv_header_strings_h=yes
ac_cv_header_sys_stat_h=yes
ac_cv_header_sys_types_h=yes
ac_cv_header_unistd_h=yes
ac_cv_objext=o
ac_cv_path_EGREP='/bin/grep -E'
ac_cv_path_GREP=/bin/grep
ac_cv_path_SED=/bin/sed
ac_cv_path_install='/usr/bin/install -c'
ac_cv_path_mkdir=/bin/mkdir
ac_cv_prog_AWK=mawk
ac_cv_prog_CPP='gcc -E'
ac_cv_prog_ac_ct_CC=gcc
ac_cv_prog_cc_c89=
ac_cv_prog_cc_g=yes
ac_cv_prog_make_make_set=yes
am_cv_CC_dependencies_compiler_type=gcc3
am_cv_make_support_nested_variables=yes
am_cv_prog_cc_c_o=yes

## ----------------- ##
## Output variables. ##
## ----------------- ##

ACLOCAL='aclocal-1.14'
AMDEPBACKSLASH='\'
AMDEP_FALSE='#'
AMDEP_TRUE=''
AMTAR='$${TAR-tar}'
AM_BACKSLASH='\'
AM_DEFAULT_V='$(AM_DEFAULT_VERBOSITY)'
AM_DEFAULT_VERBOSITY='1'
AM_V='$(V)'
AUTOCONF='autoconf'
AUTOHEADER='autoheader'
AUTOMAKE='automake-1.14'
AWK='mawk'
CC='gcc'
CCDEPMODE='depmode=gcc3'
CFLAGS='-g -O2'
CPP='gcc -E'
CPPFLAGS=''
CYGPATH_W='echo'
DEFS=''
DEPDIR='.deps'
ECHO_C=''
ECHO_N='-n'
ECHO_T=''
EGREP='/bin/grep -E'
EXEEXT=''
FC=''
FCFLAGS=''
GREP='/bin/grep'
H5CC=''
H5FC=''
HDF5_CC=''
HDF5_CFLAGS=''
HDF5_CPPFLAGS=''
HDF5_FC=''
HDF5_FFLAGS=''
HDF5_FLIBS=''
HDF5_LDFLAGS=''
HDF5_LIBS=''
HDF5_VERSION=''
INSTALL_DATA='${INSTALL} -m 644'
INSTALL_PROGRAM='${INSTALL}'
INSTALL_SCRIPT='${INSTALL}'
INSTALL_STRIP_PROGRAM='$(install_sh) -c -s'
LDFLAGS=''
LIBOBJS=''
LIBS=''
LTLIBOBJS=''
MAKEINFO='makeinfo'
MKDIR_P='/bin/mkdir -p'
OBJEXT='o'
PACKAGE='olcao'
PACKAGE_BUGREPORT='rulisp@umkc.edu'
PACKAGE_NAME='OLCAO'
PACKAGE_STRING='OLCAO 0.6'
PACKAGE_TARNAME='olcao'
PACKAGE_URL=''
PACKAGE_VERSION='0.6'
PATH_SEPARATOR=':'
SED='/bin/sed'
SET_MAKE=''
SHELL='/bin/bash'
STRIP=''
VERSION='0.6'
ac_ct_CC='gcc'
am__EXEEXT_FALSE=''
am__EXEEXT_TRUE=''
am__fastdepCC_FALSE='#'
am__fastdepCC_TRUE=''
am__include='include'
am__isrc=' -I$(srcdir)'
am__leading_dot='.'
am__nodep='_no'
am__quote=''
am__tar='$${TAR-tar} chof - "$$tardir"'
am__untar='$${TAR-tar} xf -'
bindir='${exec_prefix}/bin'
build_alias=''
datadir='${datarootdir}'
datarootdir='${prefix}/share'
docdir='${datarootdir}/doc/${PACKAGE_TARNAME}'
dvidir='${docdir}'
exec_prefix='NONE'
host_alias=''
htmldir='${docdir}'
includedir='${prefix}/include'
infodir='${datarootdir}/info'
install_sh='${SHELL} /home/rathi/devel/olcao/jolcao/install-sh'
libdir='${exec_prefix}/lib'
libexecdir='${exec_prefix}/libexec'
localedir='${datarootdir}/locale'
localstatedir='${prefix}/var'
mandir='${datarootdir}/man'
mkdir_p='$(MKDIR_P)'
oldincludedir='/usr/include'
pdfdir='${docdir}'
perllibdir='$(bindir)/perl5'
prefix='NONE'
program_transform_name='s,x,x,'
psdir='${docdir}'
sbindir='${exec_prefix}/sbin'
sharedstatedir='${prefix}/com'
sysconfdir='${prefix}/etc'
target_alias=''

## ----------- ##
## confdefs.h. ##
## ----------- ##

/* confdefs.h */
#define PACKAGE_NAME "OLCAO"
#define PACKAGE_TARNAME "olcao"
#define PACKAGE_VERSION "0.6"
#define PACKAGE_STRING "OLCAO 0.6"
#define PACKAGE_BUGREPORT "rulisp@umkc.edu"
#define PACKAGE_URL ""
#define PACKAGE "olcao"
#define VERSION "0.6"
#define STDC_HEADERS 1
#define HAVE_SYS_TYPES_H 1
#define HAVE_SYS_STAT_H 1
#define HAVE_STDLIB_H 1
#define HAVE_STRING_H 1
#define HAVE_MEMORY_H 1
#define HAVE_STRINGS_H 1
#define HAVE_INTTYPES_H 1
#define HAVE_STDINT_H 1
#define HAVE_UNISTD_H 1

configure: exit 1
